<?xml version="1.0" encoding="UTF-8"?>
<!-- Generated by org.testng.reporters.JUnitXMLReporter -->
<testsuite hostname="LAPTOP-3UQDGHQS" failures="2" tests="2" name="Surefire test" time="37.124" errors="0" timestamp="14 Jun 2021 18:32:07 GMT">
  <testcase classname="org.example.AppTest" name="navigate_to_homepage_click_on_getstarted" time="0.075">
    <failure type="java.lang.AssertionError" message="expected [App &amp;amp; Browser Testing Made Easy] but found [App &amp;amp; Browser Testing for Teams]">
      <![CDATA[java.lang.AssertionError: expected [App & Browser Testing Made Easy] but found [App & Browser Testing for Teams]
	at browserStackPages.BrowserStackHomePage.veryHeader(BrowserStackHomePage.java:16)
	at org.example.AppTest.navigate_to_homepage_click_on_getstarted(AppTest.java:39)
... Removed 34 stack frames]]>
    </failure>
  </testcase> <!-- navigate_to_homepage_click_on_getstarted -->
  <testcase classname="org.example.AppTest" name="enter_userDetails" time="0.048">
    <failure type="java.lang.AssertionError" message="expected [App &amp;amp; Browser Testing Made Easy] but found [Create a FREE Account]">
      <![CDATA[java.lang.AssertionError: expected [App & Browser Testing Made Easy] but found [Create a FREE Account]
	at browserStackPages.BrowserStackSignUpPage.veryHeader(BrowserStackSignUpPage.java:19)
	at org.example.AppTest.enter_userDetails(AppTest.java:46)
... Removed 34 stack frames]]>
    </failure>
  </testcase> <!-- enter_userDetails -->
</testsuite> <!-- Surefire test -->
