<!DOCTYPE html PUBLIC "-//W3C//DTD XHTML 1.1//EN" "http://www.w3.org/TR/xhtml11/DTD/xhtml11.dtd">
<html xmlns="http://www.w3.org/1999/xhtml"><head><title>TestNG Report</title><style type="text/css">table {margin-bottom:10px;border-collapse:collapse;empty-cells:show}th,td {border:1px solid #009;padding:.25em .5em}th {vertical-align:bottom}td {vertical-align:top}table a {font-weight:bold}.stripe td {background-color: #E6EBF9}.num {text-align:right}.passedodd td {background-color: #3F3}.passedeven td {background-color: #0A0}.skippedodd td {background-color: #DDD}.skippedeven td {background-color: #CCC}.failedodd td,.attn {background-color: #F33}.failedeven td,.stripe .attn {background-color: #D00}.stacktrace {white-space:pre;font-family:monospace}.totop {font-size:85%;text-align:center;border-bottom:2px solid #000}</style></head><body><table><tr><th>Test</th><th># Passed</th><th># Skipped</th><th># Failed</th><th>Time (ms)</th><th>Included Groups</th><th>Excluded Groups</th></tr><tr><th colspan="7">Surefire suite</th></tr><tr><td><a href="#t0">Surefire test</a></td><td class="num">0</td><td class="num">0</td><td class="num attn">2</td><td class="num">37 124</td><td></td><td></td></tr></table><table><thead><tr><th>Class</th><th>Method</th><th>Start</th><th>Time (ms)</th></tr></thead><tbody><tr><th colspan="4">Surefire suite</th></tr></tbody><tbody id="t0"><tr><th colspan="4">Surefire test &#8212; failed</th></tr><tr class="failedeven"><td rowspan="2">org.example.AppTest</td><td><a href="#m0">enter_userDetails</a></td><td rowspan="1">1623695526976</td><td rowspan="1">48</td></tr><tr class="failedeven"><td><a href="#m1">navigate_to_homepage_click_on_getstarted</a></td><td rowspan="1">1623695526901</td><td rowspan="1">75</td></tr></tbody></table><h2>Surefire test</h2><h3 id="m0">org.example.AppTest#enter_userDetails</h3><table class="result"><tr><th>Exception</th></tr><tr><td><div class="stacktrace">java.lang.AssertionError: expected [App &amp; Browser Testing Made Easy] but found [Create a FREE Account]
	at browserStackPages.BrowserStackSignUpPage.veryHeader(BrowserStackSignUpPage.java:19)
	at org.example.AppTest.enter_userDetails(AppTest.java:46)
... Removed 34 stack frames</div></td></tr></table><p class="totop"><a href="#summary">back to summary</a></p><h3 id="m1">org.example.AppTest#navigate_to_homepage_click_on_getstarted</h3><table class="result"><tr><th>Exception</th></tr><tr><td><div class="stacktrace">java.lang.AssertionError: expected [App &amp; Browser Testing Made Easy] but found [App &amp; Browser Testing for Teams]
	at browserStackPages.BrowserStackHomePage.veryHeader(BrowserStackHomePage.java:16)
	at org.example.AppTest.navigate_to_homepage_click_on_getstarted(AppTest.java:39)
... Removed 34 stack frames</div></td></tr></table><p class="totop"><a href="#summary">back to summary</a></p></body></html>